<?xml version="1.0" encoding="UTF-8"?>
<!-- Generated by org.testng.reporters.JUnitXMLReporter -->
<testsuite ignored="0" hostname="Yogi" failures="0" tests="4" name="TestEdge" time="184.203" errors="0" timestamp="2025-02-21T10:06:48 IST">
  <testcase classname="testNG.ByUsingCrossBrowser" name="fb" time="52.107"/>
  <testcase classname="testNG.ByUsingCrossBrowser" name="paytm" time="39.236"/>
  <testcase classname="testNG.ByUsingCrossBrowser" name="swiggy" time="70.508"/>
  <testcase classname="testNG.ByUsingCrossBrowser" name="zomato" time="22.304"/>
</testsuite> <!-- TestEdge -->
