<?xml version="1.0" encoding="UTF-8"?>
<!-- Generated by org.testng.reporters.JUnitXMLReporter -->
<testsuite ignored="0" hostname="Yogi" failures="0" tests="4" name="TestCrome" time="158.937" errors="0" timestamp="2025-02-21T10:06:22 IST">
  <testcase classname="testNG.ByUsingCrossBrowser" name="fb" time="15.047"/>
  <testcase classname="testNG.ByUsingCrossBrowser" name="paytm" time="39.103"/>
  <testcase classname="testNG.ByUsingCrossBrowser" name="swiggy" time="41.295"/>
  <testcase classname="testNG.ByUsingCrossBrowser" name="zomato" time="63.452"/>
</testsuite> <!-- TestCrome -->
