<?xml version="1.0" encoding="UTF-8"?>
<!-- Generated by org.testng.reporters.JUnitXMLReporter -->
<testsuite ignored="3" hostname="Yogi" failures="0" tests="5" name="Test" time="0.076" errors="0" timestamp="2025-02-20T10:07:51 IST">
  <testcase classname="testNG.Using_Group_Exe" name="Rose" time="0.01"/>
  <testcase classname="testNG.Using_Group_Exe" name="Sunflower" time="0.003"/>
  <testcase classname="testNG.Using_Group_Exe" name="apple" time="0.002"/>
  <testcase classname="testNG.Using_Group_Exe" name="grapes" time="0.003"/>
  <testcase classname="testNG.Using_Group_Exe" name="orange" time="0.001"/>
  <testcase classname="testNG.Using_Group_Exe" name="tamato" time="0.0">
    <ignored/>
  </testcase> <!-- tamato -->
  <testcase classname="testNG.Using_Group_Exe" name="potato" time="0.0">
    <ignored/>
  </testcase> <!-- potato -->
  <testcase classname="testNG.Using_Group_Exe" name="chilli" time="0.0">
    <ignored/>
  </testcase> <!-- chilli -->
</testsuite> <!-- Test -->
